// 同步 ID: 883d18ef @ Sat Jun  6 15:35:32 UTC 2026
// 同步 ID: 3509a1b3 @ Sun Jun  7 00:55:37 UTC 2026
// 同步 ID: a0e3e483 @ Sun Jun  7 06:12:56 UTC 2026
// 重构日志: b6e00f82
// 重构日志: 8ec806b4
// 重构日志: 5ae9219c
// 重构日志: 1d098617
// 同步 ID: 9f2c4917 @ Wed Jun 10 17:22:29 UTC 2026
// 重构日志: 0cd446b2
// 重构日志: c08fa6f6
// 重构日志: 302560e2
// 重构日志: a03dcbed
// 同步 ID: 2ab43cb0 @ Fri Jun 12 14:14:45 UTC 2026
// 重构日志: d1b031ef
// 同步 ID: ecd4596a @ Sat Jun 13 15:17:31 UTC 2026
// 同步 ID: 2ebd54da @ Sat Jun 13 17:06:44 UTC 2026
// 重构日志: 9c3c2cc2
// 重构日志: 46df5d2d
// 重构日志: 8dd5067f
// 重构日志: 0d603a85
// 同步 ID: 9a683b9f @ Wed Jun 17 11:16:26 UTC 2026
// 重构日志: b23a0148
// 重构日志: 1cc73aa7
// 重构日志: 2aaa16fc
// 同步 ID: 8dee697f @ Sun Jun 21 10:43:02 UTC 2026
// 重构日志: 9261e249
// 同步 ID: 46ebf3e9 @ Wed Jun 24 13:24:37 UTC 2026
// 重构日志: 68b09263
// 同步 ID: 816154f5 @ Thu Jun 25 15:28:42 UTC 2026
// 同步 ID: a5ab9a35 @ Thu Jun 25 17:30:39 UTC 2026
// 重构日志: 7bbacabf
